<?xml version="1.0" encoding="UTF-8"?>
<!-- Generated by org.testng.reporters.JUnitReportReporter -->
<testsuite hostname="ml-postgres" name="com.byteclarity.ormtouchstone.model1.FetchTests" tests="3" failures="0" timestamp="26 Aug 2016 23:15:24 GMT" time="0.117" errors="0">
  <testcase name="fetchCubicle" time="0.089" classname="com.byteclarity.ormtouchstone.model1.FetchTests"/>
  <testcase name="fetchDepartment" time="0.013" classname="com.byteclarity.ormtouchstone.model1.FetchTests"/>
  <testcase name="fetchEmployee" time="0.015" classname="com.byteclarity.ormtouchstone.model1.FetchTests"/>
</testsuite> <!-- com.byteclarity.ormtouchstone.model1.FetchTests -->
