<?xml version="1.0" encoding="UTF-8"?>
<!-- Generated by org.testng.reporters.JUnitReportReporter -->
<testsuite hostname="ml-postgres" name="com.byteclarity.ormtouchstone.model1.AddTests" tests="1" failures="0" timestamp="27 Aug 2016 11:59:04 GMT" time="0.059" errors="0">
  <testcase name="addTest1" time="0.059" classname="com.byteclarity.ormtouchstone.model1.AddTests"/>
</testsuite> <!-- com.byteclarity.ormtouchstone.model1.AddTests -->
